======== Payment Response date time =====2021-07-20 13:01:30 
Array
(
    [id] => evt_1JF9D4KCqIz4jCDxU2XK3LrX
    [object] => event
    [api_version] => 2020-08-27
    [created] => 1626750089
    [data] => Array
        (
            [object] => Array
                (
                    [id] => ch_1JF9D2KCqIz4jCDxZBPF4Ynj
                    [object] => charge
                    [amount] => 2000
                    [amount_captured] => 2000
                    [amount_refunded] => 0
                    [application] => 
                    [application_fee] => 
                    [application_fee_amount] => 
                    [balance_transaction] => txn_1JF9D3KCqIz4jCDxs59l5ZKW
                    [billing_details] => Array
                        (
                            [address] => Array
                                (
                                    [city] => 
                                    [country] => 
                                    [line1] => 
                                    [line2] => 
                                    [postal_code] => 
                                    [state] => 
                                )

                            [email] => 
                            [name] => 
                            [phone] => 
                        )

                    [calculated_statement_descriptor] => Stripe
                    [captured] => 1
                    [created] => 1626750088
                    [currency] => aud
                    [customer] => cus_Jsv2kNjQP7lcMC
                    [description] => Subscription creation
                    [destination] => 
                    [dispute] => 
                    [disputed] => 
                    [failure_code] => 
                    [failure_message] => 
                    [fraud_details] => Array
                        (
                        )

                    [invoice] => in_1JF9D2KCqIz4jCDxKvPWIBqi
                    [livemode] => 
                    [metadata] => Array
                        (
                        )

                    [on_behalf_of] => 
                    [order] => 
                    [outcome] => Array
                        (
                            [network_status] => approved_by_network
                            [reason] => 
                            [risk_level] => normal
                            [risk_score] => 63
                            [seller_message] => Payment complete.
                            [type] => authorized
                        )

                    [paid] => 1
                    [payment_intent] => pi_1JF9D2KCqIz4jCDx5I2nv8MW
                    [payment_method] => pm_1JF9CzKCqIz4jCDxOxZhLusd
                    [payment_method_details] => Array
                        (
                            [card] => Array
                                (
                                    [brand] => visa
                                    [checks] => Array
                                        (
                                            [address_line1_check] => 
                                            [address_postal_code_check] => 
                                            [cvc_check] => pass
                                        )

                                    [country] => US
                                    [exp_month] => 2
                                    [exp_year] => 2024
                                    [fingerprint] => 6yzVimAjKOuAlDCa
                                    [funding] => credit
                                    [installments] => 
                                    [last4] => 4242
                                    [network] => visa
                                    [three_d_secure] => 
                                    [wallet] => 
                                )

                            [type] => card
                        )

                    [receipt_email] => 
                    [receipt_number] => 
                    [receipt_url] => https://pay.stripe.com/receipts/acct_1JElSfKCqIz4jCDx/ch_1JF9D2KCqIz4jCDxZBPF4Ynj/rcpt_Jsv3oZ2dQEFUO5ybuEWNb6BtmJNFT2i
                    [refunded] => 
                    [refunds] => Array
                        (
                            [object] => list
                            [data] => Array
                                (
                                )

                            [has_more] => 
                            [total_count] => 0
                            [url] => /v1/charges/ch_1JF9D2KCqIz4jCDxZBPF4Ynj/refunds
                        )

                    [review] => 
                    [shipping] => 
                    [source] => 
                    [source_transfer] => 
                    [statement_descriptor] => 
                    [statement_descriptor_suffix] => 
                    [status] => succeeded
                    [transfer_data] => 
                    [transfer_group] => 
                )

        )

    [livemode] => 
    [pending_webhooks] => 1
    [request] => Array
        (
            [id] => req_zMf9YkNEMEYc4h
            [idempotency_key] => 
        )

    [type] => charge.succeeded
)

======== Payment Response date time =====2021-07-20 13:01:31 
Array
(
    [id] => evt_1JF9D4KCqIz4jCDxHjvbo1OR
    [object] => event
    [api_version] => 2020-08-27
    [created] => 1626750089
    [data] => Array
        (
            [object] => Array
                (
                    [id] => sub_Jsv3GBrgXjQqYF
                    [object] => subscription
                    [application_fee_percent] => 
                    [automatic_tax] => Array
                        (
                            [enabled] => 
                        )

                    [billing_cycle_anchor] => 1626750087
                    [billing_thresholds] => 
                    [cancel_at] => 
                    [cancel_at_period_end] => 
                    [canceled_at] => 
                    [collection_method] => charge_automatically
                    [created] => 1626750087
                    [current_period_end] => 1629428487
                    [current_period_start] => 1626750087
                    [customer] => cus_Jsv2kNjQP7lcMC
                    [days_until_due] => 
                    [default_payment_method] => 
                    [default_source] => 
                    [default_tax_rates] => Array
                        (
                        )

                    [discount] => 
                    [ended_at] => 
                    [items] => Array
                        (
                            [object] => list
                            [data] => Array
                                (
                                    [0] => Array
                                        (
                                            [id] => si_Jsv3Fem6X6qARq
                                            [object] => subscription_item
                                            [billing_thresholds] => 
                                            [created] => 1626750088
                                            [metadata] => Array
                                                (
                                                )

                                            [plan] => Array
                                                (
                                                    [id] => price_1JElhqKCqIz4jCDxyy8ErVdR
                                                    [object] => plan
                                                    [active] => 1
                                                    [aggregate_usage] => 
                                                    [amount] => 2000
                                                    [amount_decimal] => 2000
                                                    [billing_scheme] => per_unit
                                                    [created] => 1626659742
                                                    [currency] => aud
                                                    [interval] => month
                                                    [interval_count] => 1
                                                    [livemode] => 
                                                    [metadata] => Array
                                                        (
                                                        )

                                                    [nickname] => 
                                                    [product] => prod_JsWlGKxGYGK6Yh
                                                    [tiers_mode] => 
                                                    [transform_usage] => 
                                                    [trial_period_days] => 
                                                    [usage_type] => licensed
                                                )

                                            [price] => Array
                                                (
                                                    [id] => price_1JElhqKCqIz4jCDxyy8ErVdR
                                                    [object] => price
                                                    [active] => 1
                                                    [billing_scheme] => per_unit
                                                    [created] => 1626659742
                                                    [currency] => aud
                                                    [livemode] => 
                                                    [lookup_key] => 
                                                    [metadata] => Array
                                                        (
                                                        )

                                                    [nickname] => 
                                                    [product] => prod_JsWlGKxGYGK6Yh
                                                    [recurring] => Array
                                                        (
                                                            [aggregate_usage] => 
                                                            [interval] => month
                                                            [interval_count] => 1
                                                            [trial_period_days] => 
                                                            [usage_type] => licensed
                                                        )

                                                    [tiers_mode] => 
                                                    [transform_quantity] => 
                                                    [type] => recurring
                                                    [unit_amount] => 2000
                                                    [unit_amount_decimal] => 2000
                                                )

                                            [quantity] => 1
                                            [subscription] => sub_Jsv3GBrgXjQqYF
                                            [tax_rates] => Array
                                                (
                                                )

                                        )

                                )

                            [has_more] => 
                            [total_count] => 1
                            [url] => /v1/subscription_items?subscription=sub_Jsv3GBrgXjQqYF
                        )

                    [latest_invoice] => in_1JF9D2KCqIz4jCDxKvPWIBqi
                    [livemode] => 
                    [metadata] => Array
                        (
                            [trainer_email] => jobs.subhamoy@gmail.com
                            [package_id] => 2
                            [product_name] => Pro
                            [currency] => aud
                            [unit_amount] => 20.00
                        )

                    [next_pending_invoice_item_invoice] => 
                    [pause_collection] => 
                    [pending_invoice_item_interval] => 
                    [pending_setup_intent] => 
                    [pending_update] => 
                    [plan] => Array
                        (
                            [id] => price_1JElhqKCqIz4jCDxyy8ErVdR
                            [object] => plan
                            [active] => 1
                            [aggregate_usage] => 
                            [amount] => 2000
                            [amount_decimal] => 2000
                            [billing_scheme] => per_unit
                            [created] => 1626659742
                            [currency] => aud
                            [interval] => month
                            [interval_count] => 1
                            [livemode] => 
                            [metadata] => Array
                                (
                                )

                            [nickname] => 
                            [product] => prod_JsWlGKxGYGK6Yh
                            [tiers_mode] => 
                            [transform_usage] => 
                            [trial_period_days] => 
                            [usage_type] => licensed
                        )

                    [quantity] => 1
                    [schedule] => 
                    [start_date] => 1626750087
                    [status] => active
                    [transfer_data] => 
                    [trial_end] => 
                    [trial_start] => 
                )

        )

    [livemode] => 
    [pending_webhooks] => 1
    [request] => Array
        (
            [id] => req_zMf9YkNEMEYc4h
            [idempotency_key] => 
        )

    [type] => customer.subscription.created
)

